#
# There is insufficient memory for the Java Runtime Environment to continue.
# Native memory allocation (malloc) failed to allocate 168016 bytes for Chunk::new
# Possible reasons:
#   The system is out of physical RAM or swap space
#   The process is running with CompressedOops enabled, and the Java Heap may be blocking the growth of the native heap
# Possible solutions:
#   Reduce memory load on the system
#   Increase physical memory or swap space
#   Check if swap backing store is full
#   Decrease Java heap size (-Xmx/-Xms)
#   Decrease number of Java threads
#   Decrease Java thread stack sizes (-Xss)
#   Set larger code cache with -XX:ReservedCodeCacheSize=
#   JVM is running with Unscaled Compressed Oops mode in which the Java heap is
#     placed in the first 4GB address space. The Java Heap base address is the
#     maximum limit for the native heap growth. Please use -XX:HeapBaseMinAddress
#     to set the Java Heap base and to place the Java Heap above 4GB virtual address.
# This output file may be truncated or incomplete.
#
#  Out of Memory Error (arena.cpp:189), pid=12596, tid=9932
#
# JRE version: OpenJDK Runtime Environment JBR-17.0.5+1-653.23-jcef (17.0.5+1) (build 17.0.5+1-b653.23)
# Java VM: OpenJDK 64-Bit Server VM JBR-17.0.5+1-653.23-jcef (17.0.5+1-b653.23, mixed mode, tiered, compressed oops, compressed class ptrs, g1 gc, windows-amd64)
# No core dump will be written. Minidumps are not enabled by default on client versions of Windows
#

---------------  S U M M A R Y ------------

Command Line: -Dawt.toolkit=com.intellij.desktop.DesktopActionsToolkit -Djava.rmi.server.hostname=127.0.0.1 -Duser.timezone=UTC -Xmx750m -Xms128m --add-exports=java.desktop/sun.awt=ALL-UNNAMED --add-exports=java.desktop/java.awt.peer=ALL-UNNAMED --add-opens=java.desktop/java.awt=ALL-UNNAMED --add-opens=jdk.unsupported/sun.misc=ALL-UNNAMED --add-opens=java.base/java.nio=ALL-UNNAMED --add-opens=java.base/java.util=ALL-UNNAMED -Dfile.encoding=UTF-8 com.intellij.database.remote.RemoteJdbcServer com.mysql.cj.jdbc.Driver

Host: 11th Gen Intel(R) Core(TM) i3-1115G4 @ 3.00GHz, 4 cores, 3G,  Windows 11 , 64 bit Build 22621 (10.0.22621.1105)
Time: Mon Jan 16 20:20:23 2023 Hora Padrão da Bahia elapsed time: 6301.381118 seconds (0d 1h 45m 1s)

---------------  T H R E A D  ---------------

Current thread (0x000000001978e820):  JavaThread "C2 CompilerThread0" daemon [_thread_in_native, id=9932, stack(0x000000001ac20000,0x000000001ad20000)]


Current CompileTask:
C2:6301381 2296       4       java.io.ObjectInputStream$BlockDataInputStream::readUTFBody (192 bytes)

Stack: [0x000000001ac20000,0x000000001ad20000]
Native frames: (J=compiled Java code, j=interpreted, Vv=VM code, C=native code)
V  [jvm.dll+0x6830ca]
V  [jvm.dll+0x83f4c4]
V  [jvm.dll+0x840c6e]
V  [jvm.dll+0x8412d3]
V  [jvm.dll+0x2490b5]
V  [jvm.dll+0xabd5c]
V  [jvm.dll+0xac32c]
V  [jvm.dll+0x368082]
V  [jvm.dll+0x332731]
V  [jvm.dll+0x331bda]
V  [jvm.dll+0x21b761]
V  [jvm.dll+0x21ab81]
V  [jvm.dll+0x1a470d]
V  [jvm.dll+0x22a5f8]
V  [jvm.dll+0x2286b9]
V  [jvm.dll+0x7f4eac]
V  [jvm.dll+0x7ef40a]
V  [jvm.dll+0x681f05]
C  [ucrtbase.dll+0x29363]
C  [KERNEL32.DLL+0x126bd]
C  [ntdll.dll+0x5dfb8]


---------------  P R O C E S S  ---------------

Threads class SMR info:
_java_thread_list=0x000000001ba1eaf0, length=23, elements={
0x0000000002a9ca10, 0x000000001973c1b0, 0x000000001973cd60, 0x0000000019755130,
0x000000001978c3f0, 0x000000001978ccb0, 0x000000001978d570, 0x000000001978e820,
0x000000001a422090, 0x000000001a425d00, 0x000000001a586cd0, 0x000000001a5b3f30,
0x000000001a6961c0, 0x000000001b4cfa80, 0x000000001b4d4440, 0x000000001b58aa80,
0x000000001b57d3a0, 0x000000001b57d870, 0x000000001b57dd40, 0x000000001b5abe40,
0x000000001b5aafd0, 0x000000001b5a8e20, 0x000000001b5aa160
}

Java Threads: ( => current thread )
  0x0000000002a9ca10 JavaThread "main" [_thread_blocked, id=788, stack(0x0000000000980000,0x0000000000a80000)]
  0x000000001973c1b0 JavaThread "Reference Handler" daemon [_thread_blocked, id=1560, stack(0x000000001a100000,0x000000001a200000)]
  0x000000001973cd60 JavaThread "Finalizer" daemon [_thread_blocked, id=3736, stack(0x000000001a200000,0x000000001a300000)]
  0x0000000019755130 JavaThread "Signal Dispatcher" daemon [_thread_blocked, id=12444, stack(0x000000001a820000,0x000000001a920000)]
  0x000000001978c3f0 JavaThread "Attach Listener" daemon [_thread_blocked, id=6424, stack(0x000000001a920000,0x000000001aa20000)]
  0x000000001978ccb0 JavaThread "Service Thread" daemon [_thread_blocked, id=13988, stack(0x000000001aa20000,0x000000001ab20000)]
  0x000000001978d570 JavaThread "Monitor Deflation Thread" daemon [_thread_blocked, id=12504, stack(0x000000001ab20000,0x000000001ac20000)]
=>0x000000001978e820 JavaThread "C2 CompilerThread0" daemon [_thread_in_native, id=9932, stack(0x000000001ac20000,0x000000001ad20000)]
  0x000000001a422090 JavaThread "C1 CompilerThread0" daemon [_thread_blocked, id=11496, stack(0x000000001ad20000,0x000000001ae20000)]
  0x000000001a425d00 JavaThread "Sweeper thread" daemon [_thread_blocked, id=6308, stack(0x000000001ae20000,0x000000001af20000)]
  0x000000001a586cd0 JavaThread "Common-Cleaner" daemon [_thread_blocked, id=4028, stack(0x000000001af20000,0x000000001b020000)]
  0x000000001a5b3f30 JavaThread "Notification Thread" daemon [_thread_blocked, id=15592, stack(0x000000001b020000,0x000000001b120000)]
  0x000000001a6961c0 JavaThread "mysql-cj-abandoned-connection-cleanup" daemon [_thread_blocked, id=14044, stack(0x000000001b220000,0x000000001b320000)]
  0x000000001b4cfa80 JavaThread "Java2D Disposer" daemon [_thread_blocked, id=1520, stack(0x000000001bc90000,0x000000001bd90000)]
  0x000000001b4d4440 JavaThread "AWT-Windows" daemon [_thread_in_native, id=10868, stack(0x000000001be90000,0x000000001bf90000)]
  0x000000001b58aa80 JavaThread "RMI TCP Accept-53714" daemon [_thread_in_native, id=7412, stack(0x000000001cd50000,0x000000001ce50000)]
  0x000000001b57d3a0 JavaThread "RMI TCP Accept-0" daemon [_thread_in_native, id=14932, stack(0x000000001ce50000,0x000000001cf50000)]
  0x000000001b57d870 JavaThread "RMI Reaper" [_thread_blocked, id=10672, stack(0x000000001cf50000,0x000000001d050000)]
  0x000000001b57dd40 JavaThread "RMI GC Daemon" daemon [_thread_blocked, id=13156, stack(0x000000001d050000,0x000000001d150000)]
  0x000000001b5abe40 JavaThread "RMI Scheduler(0)" daemon [_thread_blocked, id=10572, stack(0x000000001d250000,0x000000001d350000)]
  0x000000001b5aafd0 JavaThread "RMI RenewClean-[127.0.0.1:4855]" daemon [_thread_blocked, id=14132, stack(0x000000001d450000,0x000000001d550000)]
  0x000000001b5a8e20 JavaThread "RMI TCP Connection(5)-127.0.0.1" daemon [_thread_in_native, id=12808, stack(0x0000000000660000,0x0000000000760000)]
  0x000000001b5aa160 JavaThread "RMI TCP Connection(4)-127.0.0.1" daemon [_thread_in_native, id=12096, stack(0x0000000000760000,0x0000000000860000)]

Other Threads:
  0x00000000197689f0 VMThread "VM Thread" [stack: 0x000000001a000000,0x000000001a100000] [id=4408]
  0x000000001a5b5c30 WatcherThread [stack: 0x000000001b120000,0x000000001b220000] [id=10520]
  0x0000000002ace850 GCTaskThread "GC Thread#0" [stack: 0x0000000016c80000,0x0000000016d80000] [id=3828]
  0x000000001b6b6040 GCTaskThread "GC Thread#1" [stack: 0x000000001d550000,0x000000001d650000] [id=14680]
  0x000000001b710fd0 GCTaskThread "GC Thread#2" [stack: 0x000000001d650000,0x000000001d750000] [id=9280]
  0x000000001b711280 GCTaskThread "GC Thread#3" [stack: 0x000000001d750000,0x000000001d850000] [id=1188]
  0x0000000002ad56b0 ConcurrentGCThread "G1 Main Marker" [stack: 0x0000000016d80000,0x0000000016e80000] [id=2788]
  0x0000000002ad70d0 ConcurrentGCThread "G1 Conc#0" [stack: 0x0000000016e80000,0x0000000016f80000] [id=10588]
  0x0000000002b4e210 ConcurrentGCThread "G1 Refine#0" [stack: 0x00000000193c0000,0x00000000194c0000] [id=13780]
  0x000000001b711530 ConcurrentGCThread "G1 Refine#1" [stack: 0x000000001d850000,0x000000001d950000] [id=1964]
  0x0000000002b4fae0 ConcurrentGCThread "G1 Service" [stack: 0x00000000194c0000,0x00000000195c0000] [id=15556]

Threads with active compile tasks:
C2 CompilerThread0  6301412 2296       4       java.io.ObjectInputStream$BlockDataInputStream::readUTFBody (192 bytes)

VM state: not at safepoint (normal execution)

VM Mutex/Monitor currently owned by a thread: None

Heap address: 0x00000000d1200000, size: 750 MB, Compressed Oops mode: 32-bit

CDS archive(s) not mapped
Compressed class space mapped at: 0x0000000100000000-0x0000000140000000, reserved size: 1073741824
Narrow klass base: 0x0000000000000000, Narrow klass shift: 3, Narrow klass range: 0x140000000

GC Precious Log:
 CPUs: 4 total, 4 available
 Memory: 3819M
 Large Page Support: Disabled
 NUMA Support: Disabled
 Compressed Oops: Enabled (32-bit)
 Heap Region Size: 1M
 Heap Min Capacity: 128M
 Heap Initial Capacity: 128M
 Heap Max Capacity: 750M
 Pre-touch: Disabled
 Parallel Workers: 4
 Concurrent Workers: 1
 Concurrent Refinement Workers: 4
 Periodic GC: Disabled

Heap:
 garbage-first heap   total 131072K, used 14051K [0x00000000d1200000, 0x0000000100000000)
  region size 1024K, 6 young (6144K), 0 survivors (0K)
 Metaspace       used 23773K, committed 24000K, reserved 1073152K
  class space    used 2444K, committed 2560K, reserved 1048576K

Heap Regions: E=young(eden), S=young(survivor), O=old, HS=humongous(starts), HC=humongous(continues), CS=collection set, F=free, OA=open archive, CA=closed archive, TAMS=top-at-mark-start (previous, next)
|   0|0x00000000d1200000, 0x00000000d1300000, 0x00000000d1300000|100%|HS|  |TAMS 0x00000000d1300000, 0x00000000d1200000| Untracked 
|   1|0x00000000d1300000, 0x00000000d1400000, 0x00000000d1400000|100%|HC|  |TAMS 0x00000000d1400000, 0x00000000d1300000| Untracked 
|   2|0x00000000d1400000, 0x00000000d1500000, 0x00000000d1500000|100%|HC|  |TAMS 0x00000000d1500000, 0x00000000d1400000| Untracked 
|   3|0x00000000d1500000, 0x00000000d1600000, 0x00000000d1600000|100%| O|  |TAMS 0x00000000d1600000, 0x00000000d1500000| Untracked 
|   4|0x00000000d1600000, 0x00000000d1700000, 0x00000000d1700000|100%| O|  |TAMS 0x00000000d1600000, 0x00000000d1600000| Untracked 
|   5|0x00000000d1700000, 0x00000000d17fffe8, 0x00000000d1800000| 99%| O|  |TAMS 0x00000000d1700000, 0x00000000d1700000| Untracked 
|   6|0x00000000d1800000, 0x00000000d18b4d90, 0x00000000d1900000| 70%| O|  |TAMS 0x00000000d1800000, 0x00000000d1800000| Untracked 
|   7|0x00000000d1900000, 0x00000000d19cee88, 0x00000000d1a00000| 80%| O|  |TAMS 0x00000000d1900000, 0x00000000d1900000| Untracked 
|   8|0x00000000d1a00000, 0x00000000d1a00000, 0x00000000d1b00000|  0%| F|  |TAMS 0x00000000d1a00000, 0x00000000d1a00000| Untracked 
|   9|0x00000000d1b00000, 0x00000000d1b00000, 0x00000000d1c00000|  0%| F|  |TAMS 0x00000000d1b00000, 0x00000000d1b00000| Untracked 
|  10|0x00000000d1c00000, 0x00000000d1c00000, 0x00000000d1d00000|  0%| F|  |TAMS 0x00000000d1c00000, 0x00000000d1c00000| Untracked 
|  11|0x00000000d1d00000, 0x00000000d1d00000, 0x00000000d1e00000|  0%| F|  |TAMS 0x00000000d1d00000, 0x00000000d1d00000| Untracked 
|  12|0x00000000d1e00000, 0x00000000d1e00000, 0x00000000d1f00000|  0%| F|  |TAMS 0x00000000d1e00000, 0x00000000d1e00000| Untracked 
|  13|0x00000000d1f00000, 0x00000000d1f00000, 0x00000000d2000000|  0%| F|  |TAMS 0x00000000d1f00000, 0x00000000d1f00000| Untracked 
|  14|0x00000000d2000000, 0x00000000d2000000, 0x00000000d2100000|  0%| F|  |TAMS 0x00000000d2000000, 0x00000000d2000000| Untracked 
|  15|0x00000000d2100000, 0x00000000d2100000, 0x00000000d2200000|  0%| F|  |TAMS 0x00000000d2100000, 0x00000000d2100000| Untracked 
|  16|0x00000000d2200000, 0x00000000d2200000, 0x00000000d2300000|  0%| F|  |TAMS 0x00000000d2200000, 0x00000000d2200000| Untracked 
|  17|0x00000000d2300000, 0x00000000d2300000, 0x00000000d2400000|  0%| F|  |TAMS 0x00000000d2300000, 0x00000000d2300000| Untracked 
|  18|0x00000000d2400000, 0x00000000d2400000, 0x00000000d2500000|  0%| F|  |TAMS 0x00000000d2400000, 0x00000000d2400000| Untracked 
|  19|0x00000000d2500000, 0x00000000d2500000, 0x00000000d2600000|  0%| F|  |TAMS 0x00000000d2500000, 0x00000000d2500000| Untracked 
|  20|0x00000000d2600000, 0x00000000d2600000, 0x00000000d2700000|  0%| F|  |TAMS 0x00000000d2600000, 0x00000000d2600000| Untracked 
|  21|0x00000000d2700000, 0x00000000d2700000, 0x00000000d2800000|  0%| F|  |TAMS 0x00000000d2700000, 0x00000000d2700000| Untracked 
|  22|0x00000000d2800000, 0x00000000d2800000, 0x00000000d2900000|  0%| F|  |TAMS 0x00000000d2800000, 0x00000000d2800000| Untracked 
|  23|0x00000000d2900000, 0x00000000d2900000, 0x00000000d2a00000|  0%| F|  |TAMS 0x00000000d2900000, 0x00000000d2900000| Untracked 
|  24|0x00000000d2a00000, 0x00000000d2a00000, 0x00000000d2b00000|  0%| F|  |TAMS 0x00000000d2a00000, 0x00000000d2a00000| Untracked 
|  25|0x00000000d2b00000, 0x00000000d2b00000, 0x00000000d2c00000|  0%| F|  |TAMS 0x00000000d2b00000, 0x00000000d2b00000| Untracked 
|  26|0x00000000d2c00000, 0x00000000d2c00000, 0x00000000d2d00000|  0%| F|  |TAMS 0x00000000d2c00000, 0x00000000d2c00000| Untracked 
|  27|0x00000000d2d00000, 0x00000000d2d00000, 0x00000000d2e00000|  0%| F|  |TAMS 0x00000000d2d00000, 0x00000000d2d00000| Untracked 
|  28|0x00000000d2e00000, 0x00000000d2e00000, 0x00000000d2f00000|  0%| F|  |TAMS 0x00000000d2e00000, 0x00000000d2e00000| Untracked 
|  29|0x00000000d2f00000, 0x00000000d2f00000, 0x00000000d3000000|  0%| F|  |TAMS 0x00000000d2f00000, 0x00000000d2f00000| Untracked 
|  30|0x00000000d3000000, 0x00000000d3000000, 0x00000000d3100000|  0%| F|  |TAMS 0x00000000d3000000, 0x00000000d3000000| Untracked 
|  31|0x00000000d3100000, 0x00000000d3100000, 0x00000000d3200000|  0%| F|  |TAMS 0x00000000d3100000, 0x00000000d3100000| Untracked 
|  32|0x00000000d3200000, 0x00000000d3200000, 0x00000000d3300000|  0%| F|  |TAMS 0x00000000d3200000, 0x00000000d3200000| Untracked 
|  33|0x00000000d3300000, 0x00000000d3300000, 0x00000000d3400000|  0%| F|  |TAMS 0x00000000d3300000, 0x00000000d3300000| Untracked 
|  34|0x00000000d3400000, 0x00000000d3400000, 0x00000000d3500000|  0%| F|  |TAMS 0x00000000d3400000, 0x00000000d3400000| Untracked 
|  35|0x00000000d3500000, 0x00000000d3500000, 0x00000000d3600000|  0%| F|  |TAMS 0x00000000d3500000, 0x00000000d3500000| Untracked 
|  36|0x00000000d3600000, 0x00000000d3600000, 0x00000000d3700000|  0%| F|  |TAMS 0x00000000d3600000, 0x00000000d3600000| Untracked 
|  37|0x00000000d3700000, 0x00000000d3700000, 0x00000000d3800000|  0%| F|  |TAMS 0x00000000d3700000, 0x00000000d3700000| Untracked 
|  38|0x00000000d3800000, 0x00000000d3800000, 0x00000000d3900000|  0%| F|  |TAMS 0x00000000d3800000, 0x00000000d3800000| Untracked 
|  39|0x00000000d3900000, 0x00000000d39fffc8, 0x00000000d3a00000| 99%| O|  |TAMS 0x00000000d3900000, 0x00000000d3900000| Untracked 
|  40|0x00000000d3a00000, 0x00000000d3a35180, 0x00000000d3b00000| 20%| O|  |TAMS 0x00000000d3a00000, 0x00000000d3a00000| Untracked 
|  41|0x00000000d3b00000, 0x00000000d3b00000, 0x00000000d3c00000|  0%| F|  |TAMS 0x00000000d3b00000, 0x00000000d3b00000| Untracked 
|  42|0x00000000d3c00000, 0x00000000d3c00000, 0x00000000d3d00000|  0%| F|  |TAMS 0x00000000d3c00000, 0x00000000d3c00000| Untracked 
|  43|0x00000000d3d00000, 0x00000000d3d00000, 0x00000000d3e00000|  0%| F|  |TAMS 0x00000000d3d00000, 0x00000000d3d00000| Untracked 
|  44|0x00000000d3e00000, 0x00000000d3e00000, 0x00000000d3f00000|  0%| F|  |TAMS 0x00000000d3e00000, 0x00000000d3e00000| Untracked 
|  45|0x00000000d3f00000, 0x00000000d3f00000, 0x00000000d4000000|  0%| F|  |TAMS 0x00000000d3f00000, 0x00000000d3f00000| Untracked 
|  46|0x00000000d4000000, 0x00000000d4000000, 0x00000000d4100000|  0%| F|  |TAMS 0x00000000d4000000, 0x00000000d4000000| Untracked 
|  47|0x00000000d4100000, 0x00000000d4100000, 0x00000000d4200000|  0%| F|  |TAMS 0x00000000d4100000, 0x00000000d4100000| Untracked 
|  48|0x00000000d4200000, 0x00000000d4200000, 0x00000000d4300000|  0%| F|  |TAMS 0x00000000d4200000, 0x00000000d4200000| Untracked 
|  49|0x00000000d4300000, 0x00000000d4300000, 0x00000000d4400000|  0%| F|  |TAMS 0x00000000d4300000, 0x00000000d4300000| Untracked 
|  50|0x00000000d4400000, 0x00000000d4400000, 0x00000000d4500000|  0%| F|  |TAMS 0x00000000d4400000, 0x00000000d4400000| Untracked 
|  51|0x00000000d4500000, 0x00000000d4500000, 0x00000000d4600000|  0%| F|  |TAMS 0x00000000d4500000, 0x00000000d4500000| Untracked 
|  52|0x00000000d4600000, 0x00000000d4600000, 0x00000000d4700000|  0%| F|  |TAMS 0x00000000d4600000, 0x00000000d4600000| Untracked 
|  53|0x00000000d4700000, 0x00000000d4700000, 0x00000000d4800000|  0%| F|  |TAMS 0x00000000d4700000, 0x00000000d4700000| Untracked 
|  54|0x00000000d4800000, 0x00000000d4800000, 0x00000000d4900000|  0%| F|  |TAMS 0x00000000d4800000, 0x00000000d4800000| Untracked 
|  55|0x00000000d4900000, 0x00000000d4900000, 0x00000000d4a00000|  0%| F|  |TAMS 0x00000000d4900000, 0x00000000d4900000| Untracked 
|  56|0x00000000d4a00000, 0x00000000d4a00000, 0x00000000d4b00000|  0%| F|  |TAMS 0x00000000d4a00000, 0x00000000d4a00000| Untracked 
|  57|0x00000000d4b00000, 0x00000000d4b00000, 0x00000000d4c00000|  0%| F|  |TAMS 0x00000000d4b00000, 0x00000000d4b00000| Untracked 
|  58|0x00000000d4c00000, 0x00000000d4c00000, 0x00000000d4d00000|  0%| F|  |TAMS 0x00000000d4c00000, 0x00000000d4c00000| Untracked 
|  59|0x00000000d4d00000, 0x00000000d4d00000, 0x00000000d4e00000|  0%| F|  |TAMS 0x00000000d4d00000, 0x00000000d4d00000| Untracked 
|  60|0x00000000d4e00000, 0x00000000d4e00000, 0x00000000d4f00000|  0%| F|  |TAMS 0x00000000d4e00000, 0x00000000d4e00000| Untracked 
|  61|0x00000000d4f00000, 0x00000000d4f00000, 0x00000000d5000000|  0%| F|  |TAMS 0x00000000d4f00000, 0x00000000d4f00000| Untracked 
|  62|0x00000000d5000000, 0x00000000d5000000, 0x00000000d5100000|  0%| F|  |TAMS 0x00000000d5000000, 0x00000000d5000000| Untracked 
|  63|0x00000000d5100000, 0x00000000d5100000, 0x00000000d5200000|  0%| F|  |TAMS 0x00000000d5100000, 0x00000000d5100000| Untracked 
|  64|0x00000000d5200000, 0x00000000d5200000, 0x00000000d5300000|  0%| F|  |TAMS 0x00000000d5200000, 0x00000000d5200000| Untracked 
|  65|0x00000000d5300000, 0x00000000d5300000, 0x00000000d5400000|  0%| F|  |TAMS 0x00000000d5300000, 0x00000000d5300000| Untracked 
|  66|0x00000000d5400000, 0x00000000d5400000, 0x00000000d5500000|  0%| F|  |TAMS 0x00000000d5400000, 0x00000000d5400000| Untracked 
|  67|0x00000000d5500000, 0x00000000d5500000, 0x00000000d5600000|  0%| F|  |TAMS 0x00000000d5500000, 0x00000000d5500000| Untracked 
|  68|0x00000000d5600000, 0x00000000d5600000, 0x00000000d5700000|  0%| F|  |TAMS 0x00000000d5600000, 0x00000000d5600000| Untracked 
|  69|0x00000000d5700000, 0x00000000d5700000, 0x00000000d5800000|  0%| F|  |TAMS 0x00000000d5700000, 0x00000000d5700000| Untracked 
|  70|0x00000000d5800000, 0x00000000d5800000, 0x00000000d5900000|  0%| F|  |TAMS 0x00000000d5800000, 0x00000000d5800000| Untracked 
|  71|0x00000000d5900000, 0x00000000d5900000, 0x00000000d5a00000|  0%| F|  |TAMS 0x00000000d5900000, 0x00000000d5900000| Untracked 
|  72|0x00000000d5a00000, 0x00000000d5a00000, 0x00000000d5b00000|  0%| F|  |TAMS 0x00000000d5a00000, 0x00000000d5a00000| Untracked 
|  73|0x00000000d5b00000, 0x00000000d5b00000, 0x00000000d5c00000|  0%| F|  |TAMS 0x00000000d5b00000, 0x00000000d5b00000| Untracked 
|  74|0x00000000d5c00000, 0x00000000d5c00000, 0x00000000d5d00000|  0%| F|  |TAMS 0x00000000d5c00000, 0x00000000d5c00000| Untracked 
|  75|0x00000000d5d00000, 0x00000000d5d00000, 0x00000000d5e00000|  0%| F|  |TAMS 0x00000000d5d00000, 0x00000000d5d00000| Untracked 
|  76|0x00000000d5e00000, 0x00000000d5e00000, 0x00000000d5f00000|  0%| F|  |TAMS 0x00000000d5e00000, 0x00000000d5e00000| Untracked 
|  77|0x00000000d5f00000, 0x00000000d5f00000, 0x00000000d6000000|  0%| F|  |TAMS 0x00000000d5f00000, 0x00000000d5f00000| Untracked 
|  78|0x00000000d6000000, 0x00000000d6000000, 0x00000000d6100000|  0%| F|  |TAMS 0x00000000d6000000, 0x00000000d6000000| Untracked 
|  79|0x00000000d6100000, 0x00000000d6100000, 0x00000000d6200000|  0%| F|  |TAMS 0x00000000d6100000, 0x00000000d6100000| Untracked 
|  80|0x00000000d6200000, 0x00000000d6200000, 0x00000000d6300000|  0%| F|  |TAMS 0x00000000d6200000, 0x00000000d6200000| Untracked 
|  81|0x00000000d6300000, 0x00000000d6300000, 0x00000000d6400000|  0%| F|  |TAMS 0x00000000d6300000, 0x00000000d6300000| Untracked 
|  82|0x00000000d6400000, 0x00000000d6400000, 0x00000000d6500000|  0%| F|  |TAMS 0x00000000d6400000, 0x00000000d6400000| Untracked 
|  83|0x00000000d6500000, 0x00000000d6500000, 0x00000000d6600000|  0%| F|  |TAMS 0x00000000d6500000, 0x00000000d6500000| Untracked 
|  84|0x00000000d6600000, 0x00000000d6600000, 0x00000000d6700000|  0%| F|  |TAMS 0x00000000d6600000, 0x00000000d6600000| Untracked 
|  85|0x00000000d6700000, 0x00000000d6700000, 0x00000000d6800000|  0%| F|  |TAMS 0x00000000d6700000, 0x00000000d6700000| Untracked 
|  86|0x00000000d6800000, 0x00000000d6800000, 0x00000000d6900000|  0%| F|  |TAMS 0x00000000d6800000, 0x00000000d6800000| Untracked 
|  87|0x00000000d6900000, 0x00000000d6900000, 0x00000000d6a00000|  0%| F|  |TAMS 0x00000000d6900000, 0x00000000d6900000| Untracked 
|  88|0x00000000d6a00000, 0x00000000d6a00000, 0x00000000d6b00000|  0%| F|  |TAMS 0x00000000d6a00000, 0x00000000d6a00000| Untracked 
|  89|0x00000000d6b00000, 0x00000000d6b00000, 0x00000000d6c00000|  0%| F|  |TAMS 0x00000000d6b00000, 0x00000000d6b00000| Untracked 
|  90|0x00000000d6c00000, 0x00000000d6c00000, 0x00000000d6d00000|  0%| F|  |TAMS 0x00000000d6c00000, 0x00000000d6c00000| Untracked 
|  91|0x00000000d6d00000, 0x00000000d6d00000, 0x00000000d6e00000|  0%| F|  |TAMS 0x00000000d6d00000, 0x00000000d6d00000| Untracked 
|  92|0x00000000d6e00000, 0x00000000d6e00000, 0x00000000d6f00000|  0%| F|  |TAMS 0x00000000d6e00000, 0x00000000d6e00000| Untracked 
|  93|0x00000000d6f00000, 0x00000000d6f00000, 0x00000000d7000000|  0%| F|  |TAMS 0x00000000d6f00000, 0x00000000d6f00000| Untracked 
|  94|0x00000000d7000000, 0x00000000d7000000, 0x00000000d7100000|  0%| F|  |TAMS 0x00000000d7000000, 0x00000000d7000000| Untracked 
|  95|0x00000000d7100000, 0x00000000d7100000, 0x00000000d7200000|  0%| F|  |TAMS 0x00000000d7100000, 0x00000000d7100000| Untracked 
|  96|0x00000000d7200000, 0x00000000d7200000, 0x00000000d7300000|  0%| F|  |TAMS 0x00000000d7200000, 0x00000000d7200000| Untracked 
|  97|0x00000000d7300000, 0x00000000d7300000, 0x00000000d7400000|  0%| F|  |TAMS 0x00000000d7300000, 0x00000000d7300000| Untracked 
|  98|0x00000000d7400000, 0x00000000d7400000, 0x00000000d7500000|  0%| F|  |TAMS 0x00000000d7400000, 0x00000000d7400000| Untracked 
|  99|0x00000000d7500000, 0x00000000d7500000, 0x00000000d7600000|  0%| F|  |TAMS 0x00000000d7500000, 0x00000000d7500000| Untracked 
| 100|0x00000000d7600000, 0x00000000d7600000, 0x00000000d7700000|  0%| F|  |TAMS 0x00000000d7600000, 0x00000000d7600000| Untracked 
| 101|0x00000000d7700000, 0x00000000d7700000, 0x00000000d7800000|  0%| F|  |TAMS 0x00000000d7700000, 0x00000000d7700000| Untracked 
| 102|0x00000000d7800000, 0x00000000d7800000, 0x00000000d7900000|  0%| F|  |TAMS 0x00000000d7800000, 0x00000000d7800000| Untracked 
| 103|0x00000000d7900000, 0x00000000d7900000, 0x00000000d7a00000|  0%| F|  |TAMS 0x00000000d7900000, 0x00000000d7900000| Untracked 
| 104|0x00000000d7a00000, 0x00000000d7a00000, 0x00000000d7b00000|  0%| F|  |TAMS 0x00000000d7a00000, 0x00000000d7a00000| Untracked 
| 105|0x00000000d7b00000, 0x00000000d7b00000, 0x00000000d7c00000|  0%| F|  |TAMS 0x00000000d7b00000, 0x00000000d7b00000| Untracked 
| 106|0x00000000d7c00000, 0x00000000d7c00000, 0x00000000d7d00000|  0%| F|  |TAMS 0x00000000d7c00000, 0x00000000d7c00000| Untracked 
| 107|0x00000000d7d00000, 0x00000000d7d00000, 0x00000000d7e00000|  0%| F|  |TAMS 0x00000000d7d00000, 0x00000000d7d00000| Untracked 
| 108|0x00000000d7e00000, 0x00000000d7e00000, 0x00000000d7f00000|  0%| F|  |TAMS 0x00000000d7e00000, 0x00000000d7e00000| Untracked 
| 109|0x00000000d7f00000, 0x00000000d7f00000, 0x00000000d8000000|  0%| F|  |TAMS 0x00000000d7f00000, 0x00000000d7f00000| Untracked 
| 110|0x00000000d8000000, 0x00000000d8000000, 0x00000000d8100000|  0%| F|  |TAMS 0x00000000d8000000, 0x00000000d8000000| Untracked 
| 111|0x00000000d8100000, 0x00000000d8100000, 0x00000000d8200000|  0%| F|  |TAMS 0x00000000d8100000, 0x00000000d8100000| Untracked 
| 112|0x00000000d8200000, 0x00000000d8200000, 0x00000000d8300000|  0%| F|  |TAMS 0x00000000d8200000, 0x00000000d8200000| Untracked 
| 113|0x00000000d8300000, 0x00000000d8300000, 0x00000000d8400000|  0%| F|  |TAMS 0x00000000d8300000, 0x00000000d8300000| Untracked 
| 114|0x00000000d8400000, 0x00000000d8400000, 0x00000000d8500000|  0%| F|  |TAMS 0x00000000d8400000, 0x00000000d8400000| Untracked 
| 115|0x00000000d8500000, 0x00000000d8500000, 0x00000000d8600000|  0%| F|  |TAMS 0x00000000d8500000, 0x00000000d8500000| Untracked 
| 116|0x00000000d8600000, 0x00000000d8600000, 0x00000000d8700000|  0%| F|  |TAMS 0x00000000d8600000, 0x00000000d8600000| Untracked 
| 117|0x00000000d8700000, 0x00000000d8700000, 0x00000000d8800000|  0%| F|  |TAMS 0x00000000d8700000, 0x00000000d8700000| Untracked 
| 118|0x00000000d8800000, 0x00000000d8800000, 0x00000000d8900000|  0%| F|  |TAMS 0x00000000d8800000, 0x00000000d8800000| Untracked 
| 119|0x00000000d8900000, 0x00000000d8900000, 0x00000000d8a00000|  0%| F|  |TAMS 0x00000000d8900000, 0x00000000d8900000| Untracked 
| 120|0x00000000d8a00000, 0x00000000d8a00000, 0x00000000d8b00000|  0%| F|  |TAMS 0x00000000d8a00000, 0x00000000d8a00000| Untracked 
| 121|0x00000000d8b00000, 0x00000000d8b00000, 0x00000000d8c00000|  0%| F|  |TAMS 0x00000000d8b00000, 0x00000000d8b00000| Untracked 
| 122|0x00000000d8c00000, 0x00000000d8c35110, 0x00000000d8d00000| 20%| E|  |TAMS 0x00000000d8c00000, 0x00000000d8c00000| Complete 
| 123|0x00000000d8d00000, 0x00000000d8e00000, 0x00000000d8e00000|100%| E|CS|TAMS 0x00000000d8d00000, 0x00000000d8d00000| Complete 
| 124|0x00000000d8e00000, 0x00000000d8f00000, 0x00000000d8f00000|100%| E|CS|TAMS 0x00000000d8e00000, 0x00000000d8e00000| Complete 
| 125|0x00000000d8f00000, 0x00000000d9000000, 0x00000000d9000000|100%| E|CS|TAMS 0x00000000d8f00000, 0x00000000d8f00000| Complete 
| 126|0x00000000d9000000, 0x00000000d9100000, 0x00000000d9100000|100%| E|CS|TAMS 0x00000000d9000000, 0x00000000d9000000| Complete 
| 127|0x00000000d9100000, 0x00000000d9200000, 0x00000000d9200000|100%| E|CS|TAMS 0x00000000d9100000, 0x00000000d9100000| Complete 

Card table byte_map: [0x0000000015200000,0x0000000015380000] _byte_map_base: 0x0000000014b77000

Marking Bits (Prev, Next): (CMBitMap*) 0x0000000002acee60, (CMBitMap*) 0x0000000002aceea0
 Prev Bits: [0x0000000015500000, 0x00000000160b8000)
 Next Bits: [0x00000000160c0000, 0x0000000016c78000)

Polling page: 0x0000000000a80000

Metaspace:

Usage:
  Non-class:     20.83 MB used.
      Class:      2.39 MB used.
       Both:     23.22 MB used.

Virtual space:
  Non-class space:       24.00 MB reserved,      20.94 MB ( 87%) committed,  3 nodes.
      Class space:        1.00 GB reserved,       2.50 MB ( <1%) committed,  1 nodes.
             Both:        1.02 GB reserved,      23.44 MB (  2%) committed. 

Chunk freelists:
   Non-Class:  2.34 MB
       Class:  1.46 MB
        Both:  3.80 MB

MaxMetaspaceSize: unlimited
CompressedClassSpaceSize: 1.00 GB
Initial GC threshold: 21.00 MB
Current GC threshold: 39.06 MB
CDS: off
MetaspaceReclaimPolicy: balanced
 - commit_granule_bytes: 65536.
 - commit_granule_words: 8192.
 - virtual_space_node_default_size: 1048576.
 - enlarge_chunks_in_place: 1.
 - new_chunks_are_fully_committed: 0.
 - uncommit_free_chunks: 1.
 - use_allocation_guard: 0.
 - handle_deallocations: 1.


Internal statistics:

num_allocs_failed_limit: 3.
num_arena_births: 236.
num_arena_deaths: 0.
num_vsnodes_births: 4.
num_vsnodes_deaths: 0.
num_space_committed: 375.
num_space_uncommitted: 0.
num_chunks_returned_to_freelist: 3.
num_chunks_taken_from_freelist: 562.
num_chunk_merges: 0.
num_chunk_splits: 337.
num_chunks_enlarged: 177.
num_purges: 0.
num_inconsistent_stats: 0.

CodeHeap 'non-profiled nmethods': size=120000Kb used=1027Kb max_used=1027Kb free=118972Kb
 bounds [0x000000000dcd0000, 0x000000000df40000, 0x0000000015200000]
CodeHeap 'profiled nmethods': size=120000Kb used=4645Kb max_used=4645Kb free=115354Kb
 bounds [0x00000000067a0000, 0x0000000006c30000, 0x000000000dcd0000]
CodeHeap 'non-nmethods': size=5760Kb used=1287Kb max_used=1336Kb free=4472Kb
 bounds [0x0000000006200000, 0x0000000006470000, 0x00000000067a0000]
 total_blobs=2887 nmethods=2292 adapters=507
 compilation: enabled
              stopped_count=0, restarted_count=0
 full_count=0

Compilation events (20 events):
Event: 5402.143 Thread 0x000000001978e820 nmethod 2286 0x000000000ddacb90 code [0x000000000ddacd00, 0x000000000ddacf18]
Event: 5591.424 Thread 0x000000001978e820 2287       4       java.util.ArrayList::add (25 bytes)
Event: 5591.451 Thread 0x000000001978e820 nmethod 2287 0x000000000ddacf90 code [0x000000000ddad120, 0x000000000ddad918]
Event: 5636.510 Thread 0x000000001978e820 2288   !   4       java.io.ObjectOutputStream::writeObject0 (620 bytes)
Event: 5636.776 Thread 0x000000001978e820 nmethod 2288 0x000000000ddadb90 code [0x000000000ddae3e0, 0x000000000ddb6f30]
Event: 5654.535 Thread 0x000000001978e820 2289       4       java.io.ObjectOutputStream::writeClassDesc (60 bytes)
Event: 5654.744 Thread 0x000000001978e820 nmethod 2289 0x000000000ddbe210 code [0x000000000ddbea60, 0x000000000ddc55a8]
Event: 5701.326 Thread 0x000000001978e820 2290       4       sun.rmi.runtime.Log$LoggerLog::log (45 bytes)
Event: 5701.332 Thread 0x000000001978e820 nmethod 2290 0x000000000ddcb910 code [0x000000000ddcba80, 0x000000000ddcbb58]
Event: 5735.698 Thread 0x000000001978e820 2291       4       sun.rmi.transport.StreamRemoteCall::getInputStream (60 bytes)
Event: 5735.819 Thread 0x000000001978e820 nmethod 2291 0x000000000ddcbc90 code [0x000000000ddcbfa0, 0x000000000ddcf010]
Event: 5961.071 Thread 0x000000001978e820 2292       4       java.security.AccessController::checkContext (49 bytes)
Event: 5961.076 Thread 0x000000001978e820 nmethod 2292 0x000000000ddd0690 code [0x000000000ddd0800, 0x000000000ddd0898]
Event: 6240.581 Thread 0x000000001978e820 2293       4       java.lang.Long::hashCode (8 bytes)
Event: 6240.588 Thread 0x000000001978e820 nmethod 2293 0x000000000ddd0990 code [0x000000000ddd0b00, 0x000000000ddd0b78]
Event: 6301.305 Thread 0x000000001978e820 2295       4       java.io.OutputStream::<init> (5 bytes)
Event: 6301.324 Thread 0x000000001a422090 2294   !   3       java.net.Socket::isClosed (19 bytes)
Event: 6301.331 Thread 0x000000001978e820 nmethod 2295 0x000000000ddd0c90 code [0x000000000ddd0e00, 0x000000000ddd0e78]
Event: 6301.338 Thread 0x000000001a422090 nmethod 2294 0x0000000006c29110 code [0x0000000006c292a0, 0x0000000006c29498]
Event: 6301.349 Thread 0x000000001978e820 2296       4       java.io.ObjectInputStream$BlockDataInputStream::readUTFBody (192 bytes)

GC Heap History (6 events):
Event: 1.114 GC heap before
{Heap before GC invocations=0 (full 0):
 garbage-first heap   total 131072K, used 15360K [0x00000000d1200000, 0x0000000100000000)
  region size 1024K, 13 young (13312K), 0 survivors (0K)
 Metaspace       used 15061K, committed 15232K, reserved 1064960K
  class space    used 1523K, committed 1600K, reserved 1048576K
}
Event: 1.118 GC heap after
{Heap after GC invocations=1 (full 0):
 garbage-first heap   total 131072K, used 6541K [0x00000000d1200000, 0x0000000100000000)
  region size 1024K, 2 young (2048K), 2 survivors (2048K)
 Metaspace       used 15061K, committed 15232K, reserved 1064960K
  class space    used 1523K, committed 1600K, reserved 1048576K
}
Event: 1.501 GC heap before
{Heap before GC invocations=1 (full 0):
 garbage-first heap   total 131072K, used 14733K [0x00000000d1200000, 0x0000000100000000)
  region size 1024K, 11 young (11264K), 2 survivors (2048K)
 Metaspace       used 21315K, committed 21504K, reserved 1073152K
  class space    used 2264K, committed 2368K, reserved 1048576K
}
Event: 1.506 GC heap after
{Heap after GC invocations=2 (full 0):
 garbage-first heap   total 131072K, used 8972K [0x00000000d1200000, 0x0000000100000000)
  region size 1024K, 2 young (2048K), 2 survivors (2048K)
 Metaspace       used 21315K, committed 21504K, reserved 1073152K
  class space    used 2264K, committed 2368K, reserved 1048576K
}
Event: 3601.965 GC heap before
{Heap before GC invocations=3 (full 0):
 garbage-first heap   total 131072K, used 26380K [0x00000000d1200000, 0x0000000100000000)
  region size 1024K, 20 young (20480K), 2 survivors (2048K)
 Metaspace       used 23773K, committed 24000K, reserved 1073152K
  class space    used 2444K, committed 2560K, reserved 1048576K
}
Event: 3602.365 GC heap after
{Heap after GC invocations=4 (full 1):
 garbage-first heap   total 131072K, used 8931K [0x00000000d1200000, 0x0000000100000000)
  region size 1024K, 0 young (0K), 0 survivors (0K)
 Metaspace       used 23773K, committed 24000K, reserved 1073152K
  class space    used 2444K, committed 2560K, reserved 1048576K
}

Dll operation events (1 events):
Event: 0.011 Loaded shared library C:\Program Files\JetBrains\IntelliJ IDEA 2022.3.1\jbr\bin\java.dll

Deoptimization events (20 events):
Event: 3.068 Thread 0x000000001b5a8950 DEOPT PACKING pc=0x00000000068a13be sp=0x000000001d44e5e0
Event: 3.069 Thread 0x000000001b5a8950 DEOPT UNPACKING pc=0x00000000062566e3 sp=0x000000001d44da58 mode 0
Event: 3.103 Thread 0x000000001b5a8950 Uncommon trap: trap_request=0xffffff45 fr.pc=0x000000000dd0bcd4 relative=0x0000000000000694
Event: 3.103 Thread 0x000000001b5a8950 Uncommon trap: reason=unstable_if action=reinterpret pc=0x000000000dd0bcd4 method=java.lang.AbstractStringBuilder.append(Ljava/lang/String;)Ljava/lang/AbstractStringBuilder; @ 1 c2
Event: 3.103 Thread 0x000000001b5a8950 DEOPT PACKING pc=0x000000000dd0bcd4 sp=0x000000001d44e230
Event: 3.103 Thread 0x000000001b5a8950 DEOPT UNPACKING pc=0x0000000006255ba3 sp=0x000000001d44e208 mode 2
Event: 3.160 Thread 0x000000001b5a8950 DEOPT PACKING pc=0x0000000006845eba sp=0x000000001d44de00
Event: 3.160 Thread 0x000000001b5a8950 DEOPT UNPACKING pc=0x00000000062566e3 sp=0x000000001d44d278 mode 0
Event: 3.161 Thread 0x000000001b5a8950 DEOPT PACKING pc=0x0000000006845eba sp=0x000000001d44de00
Event: 3.161 Thread 0x000000001b5a8950 DEOPT UNPACKING pc=0x00000000062566e3 sp=0x000000001d44d278 mode 0
Event: 3.215 Thread 0x000000001b5a8950 DEOPT PACKING pc=0x0000000006a046be sp=0x000000001d44d690
Event: 3.215 Thread 0x000000001b5a8950 DEOPT UNPACKING pc=0x00000000062566e3 sp=0x000000001d44cac0 mode 0
Event: 48.421 Thread 0x000000001b5ab4a0 Uncommon trap: trap_request=0xffffffde fr.pc=0x000000000dd2e54c relative=0x0000000000000dac
Event: 48.421 Thread 0x000000001b5ab4a0 Uncommon trap: reason=class_check action=maybe_recompile pc=0x000000000dd2e54c method=java.util.concurrent.ConcurrentHashMap.putVal(Ljava/lang/Object;Ljava/lang/Object;Z)Ljava/lang/Object; @ 159 c2
Event: 48.421 Thread 0x000000001b5ab4a0 DEOPT PACKING pc=0x000000000dd2e54c sp=0x000000001db4e380
Event: 48.421 Thread 0x000000001b5ab4a0 DEOPT UNPACKING pc=0x0000000006255ba3 sp=0x000000001db4e300 mode 2
Event: 848.949 Thread 0x000000001b5ab970 Uncommon trap: trap_request=0xffffff45 fr.pc=0x000000000dd79040 relative=0x0000000000000680
Event: 848.987 Thread 0x000000001b5ab970 Uncommon trap: reason=unstable_if action=reinterpret pc=0x000000000dd79040 method=java.io.BufferedInputStream.read()I @ 23 c2
Event: 849.038 Thread 0x000000001b5ab970 DEOPT PACKING pc=0x000000000dd79040 sp=0x000000001d24f250
Event: 849.149 Thread 0x000000001b5ab970 DEOPT UNPACKING pc=0x0000000006255ba3 sp=0x000000001d24f230 mode 2

Classes unloaded (0 events):
No events

Classes redefined (0 events):
No events

Internal exceptions (20 events):
Event: 0.425 Thread 0x0000000002a9ca10 Exception <a 'java/lang/NoSuchMethodError'{0x00000000d8c4df88}: 'void java.lang.invoke.DirectMethodHandle$Holder.invokeStatic(java.lang.Object, java.lang.Object)'> (0x00000000d8c4df88) 
thrown [s\src\hotspot\share\interpreter\linkResolver.cpp, line 771]
Event: 0.466 Thread 0x0000000002a9ca10 Exception <a 'java/lang/NoSuchMethodError'{0x00000000d8ba2ba0}: 'java.lang.Object java.lang.invoke.Invokers$Holder.linkToTargetMethod(java.lang.Object, long, java.lang.Object)'> (0x00000000d8ba2ba0) 
thrown [s\src\hotspot\share\interpreter\linkResolver.cpp, line 771]
Event: 0.615 Thread 0x000000001b5a8950 Exception <a 'java/lang/NoSuchMethodError'{0x00000000d8925f60}: static [B.<clinit>()V> (0x00000000d8925f60) 
thrown [s\src\hotspot\share\prims\jni.cpp, line 1108]
Event: 0.747 Thread 0x000000001b5a8950 Exception <a 'java/lang/NoSuchMethodError'{0x00000000d8957850}: static [Ljava/rmi/server/ObjID;.<clinit>()V> (0x00000000d8957850) 
thrown [s\src\hotspot\share\prims\jni.cpp, line 1108]
Event: 0.757 Thread 0x000000001b5aafd0 Exception <a 'java/lang/InterruptedException'{0x00000000d8987b00}> (0x00000000d8987b00) 
thrown [s\src\hotspot\share\runtime\objectMonitor.cpp, line 1648]
Event: 0.760 Thread 0x000000001b5aafd0 Exception <a 'java/lang/NoSuchMethodError'{0x00000000d89902a0}: 'java.lang.Object java.lang.invoke.DirectMethodHandle$Holder.newInvokeSpecial(java.lang.Object, java.lang.Object, int, java.lang.Object, long)'> (0x00000000d89902a0) 
thrown [s\src\hotspot\share\interpreter\linkResolver.cpp, line 771]
Event: 0.910 Thread 0x000000001b5a8950 Exception <a 'java/lang/NoSuchMethodError'{0x00000000d87da698}: 'java.lang.Object java.lang.invoke.DirectMethodHandle$Holder.invokeInterface(java.lang.Object, java.lang.Object)'> (0x00000000d87da698) 
thrown [s\src\hotspot\share\interpreter\linkResolver.cpp, line 771]
Event: 0.964 Thread 0x000000001b5a8950 Exception <a 'java/lang/NoSuchMethodError'{0x00000000d8652c40}: 'void java.lang.invoke.DirectMethodHandle$Holder.invokeSpecial(java.lang.Object, java.lang.Object, java.lang.Object)'> (0x00000000d8652c40) 
thrown [s\src\hotspot\share\interpreter\linkResolver.cpp, line 771]
Event: 0.965 Thread 0x000000001b5a8950 Exception <a 'java/lang/NoSuchMethodError'{0x00000000d8659660}: 'void java.lang.invoke.DirectMethodHandle$Holder.invokeStatic(java.lang.Object, java.lang.Object, java.lang.Object)'> (0x00000000d8659660) 
thrown [s\src\hotspot\share\interpreter\linkResolver.cpp, line 771]
Event: 0.966 Thread 0x000000001b5a8950 Exception <a 'java/lang/NoSuchMethodError'{0x00000000d8663a60}: 'java.lang.Object java.lang.invoke.DirectMethodHandle$Holder.invokeVirtual(java.lang.Object, java.lang.Object, java.lang.Object)'> (0x00000000d8663a60) 
thrown [s\src\hotspot\share\interpreter\linkResolver.cpp, line 771]
Event: 1.198 Thread 0x000000001b5a8950 Exception <a 'java/lang/NoSuchMethodError'{0x00000000d8fa7b78}: 'void java.lang.invoke.DirectMethodHandle$Holder.invokeStaticInit(java.lang.Object, java.lang.Object)'> (0x00000000d8fa7b78) 
thrown [s\src\hotspot\share\interpreter\linkResolver.cpp, line 771]
Event: 1.307 Thread 0x000000001b5a8950 Exception <a 'sun/nio/fs/WindowsException'{0x00000000d8cf27d0}> (0x00000000d8cf27d0) 
thrown [s\src\hotspot\share\prims\jni.cpp, line 517]
Event: 1.325 Thread 0x000000001b5a8950 Exception <a 'java/lang/NoSuchMethodError'{0x00000000d8b16cb8}: 'int java.lang.invoke.DirectMethodHandle$Holder.invokeStaticInit(java.lang.Object, java.lang.Object, java.lang.Object, java.lang.Object)'> (0x00000000d8b16cb8) 
thrown [s\src\hotspot\share\interpreter\linkResolver.cpp, line 771]
Event: 1.327 Thread 0x000000001b5a8950 Exception <a 'java/lang/IncompatibleClassChangeError'{0x00000000d8b24718}: Found class java.lang.Object, but interface was expected> (0x00000000d8b24718) 
thrown [s\src\hotspot\share\interpreter\linkResolver.cpp, line 838]
Event: 1.328 Thread 0x000000001b5a8950 Exception <a 'java/lang/NoSuchMethodError'{0x00000000d8b29fb8}: 'int java.lang.invoke.DirectMethodHandle$Holder.invokeStaticInit(java.lang.Object, java.lang.Object)'> (0x00000000d8b29fb8) 
thrown [s\src\hotspot\share\interpreter\linkResolver.cpp, line 771]
Event: 1.626 Thread 0x000000001b5a8950 Implicit null exception at 0x000000000dd0a3f2 to 0x000000000dd0aa34
Event: 1.628 Thread 0x000000001b5a8950 Exception <a 'java/lang/NoSuchMethodError'{0x00000000d8f37228}: 'java.lang.Object java.lang.invoke.DirectMethodHandle$Holder.newInvokeSpecial(java.lang.Object, java.lang.Object, int)'> (0x00000000d8f37228) 
thrown [s\src\hotspot\share\interpreter\linkResolver.cpp, line 771]
Event: 3.103 Thread 0x000000001b5a8950 Implicit null exception at 0x000000000dd0b672 to 0x000000000dd0bcbc
Event: 3.257 Thread 0x000000001b5a8950 Exception <a 'java/lang/NoSuchMethodError'{0x00000000d8a20af0}: static Lcom/intellij/database/remote/jdbc/RemoteResultSet$DataRetrievingOptions;.<clinit>()V> (0x00000000d8a20af0) 
thrown [s\src\hotspot\share\prims\jni.cpp, line 1108]
Event: 3.261 Thread 0x000000001b5a8950 Exception <a 'java/lang/NoSuchMethodError'{0x00000000d8a34e28}: static [Ljava/lang/Object;.<clinit>()V> (0x00000000d8a34e28) 
thrown [s\src\hotspot\share\prims\jni.cpp, line 1108]

VM Operations (20 events):
Event: 3113.644 Executing VM operation: Cleanup
Event: 3113.657 Executing VM operation: Cleanup done
Event: 3437.778 Executing VM operation: Cleanup
Event: 3437.779 Executing VM operation: Cleanup done
Event: 3482.796 Executing VM operation: Cleanup
Event: 3482.797 Executing VM operation: Cleanup done
Event: 3512.811 Executing VM operation: Cleanup
Event: 3512.811 Executing VM operation: Cleanup done
Event: 3518.813 Executing VM operation: Cleanup
Event: 3518.813 Executing VM operation: Cleanup done
Event: 3601.763 Executing VM operation: G1CollectFull
Event: 3602.365 Executing VM operation: G1CollectFull done
Event: 3604.366 Executing VM operation: Cleanup
Event: 3604.366 Executing VM operation: Cleanup done
Event: 4439.314 Executing VM operation: Cleanup
Event: 4439.320 Executing VM operation: Cleanup done
Event: 5330.584 Executing VM operation: Cleanup
Event: 5330.603 Executing VM operation: Cleanup done
Event: 5601.094 Executing VM operation: Cleanup
Event: 5601.095 Executing VM operation: Cleanup done

Events (20 events):
Event: 48.423 Thread 0x000000001b5a8480 Thread exited: 0x000000001b5a8480
Event: 48.424 Thread 0x000000001b5a92f0 Thread exited: 0x000000001b5a92f0
Event: 849.289 Thread 0x000000001b5a8e20 Thread added: 0x000000001b5a8e20
Event: 909.537 loading class java/util/IdentityHashMap$KeyIterator
Event: 909.560 loading class java/util/IdentityHashMap$KeyIterator done
Event: 909.562 Thread 0x000000001b5ab970 Thread exited: 0x000000001b5ab970
Event: 977.035 Thread 0x000000001b5aa160 Thread added: 0x000000001b5aa160
Event: 1064.771 Thread 0x000000001b5a8950 Thread exited: 0x000000001b5a8950
Event: 2871.170 Thread 0x000000001b5ab4a0 Thread added: 0x000000001b5ab4a0
Event: 2872.237 Thread 0x000000001b5ab4a0 Thread exited: 0x000000001b5ab4a0
Event: 2901.195 Thread 0x000000001b5aab00 Thread added: 0x000000001b5aab00
Event: 2902.201 Thread 0x000000001b5aab00 Thread exited: 0x000000001b5aab00
Event: 3281.869 Thread 0x000000001b5a8480 Thread added: 0x000000001b5a8480
Event: 3283.016 Thread 0x000000001b5a8480 Thread exited: 0x000000001b5a8480
Event: 3287.879 Thread 0x000000001b5ab970 Thread added: 0x000000001b5ab970
Event: 3288.891 Thread 0x000000001b5ab970 Thread exited: 0x000000001b5ab970
Event: 4189.308 Thread 0x000000001b5aab00 Thread added: 0x000000001b5aab00
Event: 4190.369 Thread 0x000000001b5aab00 Thread exited: 0x000000001b5aab00
Event: 5991.955 Thread 0x000000001b5a97c0 Thread added: 0x000000001b5a97c0
Event: 5992.986 Thread 0x000000001b5a97c0 Thread exited: 0x000000001b5a97c0


Dynamic libraries:
0x00007ff63e230000 - 0x00007ff63e23a000 	C:\Program Files\JetBrains\IntelliJ IDEA 2022.3.1\jbr\bin\java.exe
0x00007ffb29e50000 - 0x00007ffb2a064000 	C:\WINDOWS\SYSTEM32\ntdll.dll
0x00007ffb28dd0000 - 0x00007ffb28e93000 	C:\WINDOWS\System32\KERNEL32.DLL
0x00007ffb275e0000 - 0x00007ffb2797d000 	C:\WINDOWS\System32\KERNELBASE.dll
0x00007ffb27360000 - 0x00007ffb27471000 	C:\WINDOWS\System32\ucrtbase.dll
0x00007ffb122c0000 - 0x00007ffb122d7000 	C:\Program Files\JetBrains\IntelliJ IDEA 2022.3.1\jbr\bin\jli.dll
0x00007ffb05c70000 - 0x00007ffb05c8b000 	C:\Program Files\JetBrains\IntelliJ IDEA 2022.3.1\jbr\bin\VCRUNTIME140.dll
0x00007ffb290b0000 - 0x00007ffb2925d000 	C:\WINDOWS\System32\USER32.dll
0x00007ffb27c10000 - 0x00007ffb27c36000 	C:\WINDOWS\System32\win32u.dll
0x00007ffb18d10000 - 0x00007ffb18f9e000 	C:\WINDOWS\WinSxS\amd64_microsoft.windows.common-controls_6595b64144ccf1df_6.0.22621.608_none_a9444ca7c10bb01d\COMCTL32.dll
0x00007ffb295f0000 - 0x00007ffb29697000 	C:\WINDOWS\System32\msvcrt.dll
0x00007ffb28180000 - 0x00007ffb281a9000 	C:\WINDOWS\System32\GDI32.dll
0x00007ffb27af0000 - 0x00007ffb27c02000 	C:\WINDOWS\System32\gdi32full.dll
0x00007ffb27540000 - 0x00007ffb275da000 	C:\WINDOWS\System32\msvcp_win.dll
0x00007ffb296a0000 - 0x00007ffb296d2000 	C:\WINDOWS\System32\IMM32.DLL
0x00007ffb05c20000 - 0x00007ffb05c2c000 	C:\Program Files\JetBrains\IntelliJ IDEA 2022.3.1\jbr\bin\vcruntime140_1.dll
0x00007ffaf6c70000 - 0x00007ffaf6cfd000 	C:\Program Files\JetBrains\IntelliJ IDEA 2022.3.1\jbr\bin\msvcp140.dll
0x00007ffae1f00000 - 0x00007ffae2b6b000 	C:\Program Files\JetBrains\IntelliJ IDEA 2022.3.1\jbr\bin\server\jvm.dll
0x00007ffb281b0000 - 0x00007ffb2825e000 	C:\WINDOWS\System32\ADVAPI32.dll
0x00007ffb28ea0000 - 0x00007ffb28f44000 	C:\WINDOWS\System32\sechost.dll
0x00007ffb28f90000 - 0x00007ffb290a5000 	C:\WINDOWS\System32\RPCRT4.dll
0x00007ffb06390000 - 0x00007ffb06399000 	C:\WINDOWS\SYSTEM32\WSOCK32.dll
0x00007ffb27f00000 - 0x00007ffb27f71000 	C:\WINDOWS\System32\WS2_32.dll
0x00007ffb17e60000 - 0x00007ffb17e94000 	C:\WINDOWS\SYSTEM32\WINMM.dll
0x00007ffb19e40000 - 0x00007ffb19e4a000 	C:\WINDOWS\SYSTEM32\VERSION.dll
0x00007ffb263b0000 - 0x00007ffb263c8000 	C:\WINDOWS\SYSTEM32\kernel.appcore.dll
0x00007ffb226f0000 - 0x00007ffb226fa000 	C:\Program Files\JetBrains\IntelliJ IDEA 2022.3.1\jbr\bin\jimage.dll
0x00007ffb24c50000 - 0x00007ffb24e7e000 	C:\WINDOWS\SYSTEM32\DBGHELP.DLL
0x00007ffb29260000 - 0x00007ffb295ea000 	C:\WINDOWS\System32\combase.dll
0x00007ffb29b90000 - 0x00007ffb29c67000 	C:\WINDOWS\System32\OLEAUT32.dll
0x00007ffb18490000 - 0x00007ffb184c2000 	C:\WINDOWS\SYSTEM32\dbgcore.DLL
0x00007ffb27270000 - 0x00007ffb272eb000 	C:\WINDOWS\System32\bcryptPrimitives.dll
0x00007ffb18520000 - 0x00007ffb18545000 	C:\Program Files\JetBrains\IntelliJ IDEA 2022.3.1\jbr\bin\java.dll
0x00007ffb18280000 - 0x00007ffb18298000 	C:\Program Files\JetBrains\IntelliJ IDEA 2022.3.1\jbr\bin\zip.dll
0x00007ffb285e0000 - 0x00007ffb28dcf000 	C:\WINDOWS\System32\SHELL32.dll
0x00007ffb25290000 - 0x00007ffb25b58000 	C:\WINDOWS\SYSTEM32\windows.storage.dll
0x00007ffb25150000 - 0x00007ffb2528e000 	C:\WINDOWS\SYSTEM32\wintypes.dll
0x00007ffb28260000 - 0x00007ffb28351000 	C:\WINDOWS\System32\SHCORE.dll
0x00007ffb27e20000 - 0x00007ffb27e7e000 	C:\WINDOWS\System32\shlwapi.dll
0x00007ffb271a0000 - 0x00007ffb271c1000 	C:\WINDOWS\SYSTEM32\profapi.dll
0x00007ffb132a0000 - 0x00007ffb132b9000 	C:\Program Files\JetBrains\IntelliJ IDEA 2022.3.1\jbr\bin\net.dll
0x00007ffb1d950000 - 0x00007ffb1da7f000 	C:\WINDOWS\SYSTEM32\WINHTTP.dll
0x00007ffb26820000 - 0x00007ffb26889000 	C:\WINDOWS\system32\mswsock.dll
0x00007ffb13210000 - 0x00007ffb13226000 	C:\Program Files\JetBrains\IntelliJ IDEA 2022.3.1\jbr\bin\nio.dll
0x00007ffae5190000 - 0x00007ffae5323000 	C:\Program Files\JetBrains\IntelliJ IDEA 2022.3.1\jbr\bin\awt.dll
0x00007ffb24500000 - 0x00007ffb2452b000 	C:\WINDOWS\SYSTEM32\dwmapi.dll
0x00007ffb240f0000 - 0x00007ffb24187000 	C:\WINDOWS\SYSTEM32\apphelp.dll
0x00007ffb242d0000 - 0x00007ffb2437b000 	C:\WINDOWS\system32\uxtheme.dll
0x00007ffb29cf0000 - 0x00007ffb29e0e000 	C:\WINDOWS\System32\MSCTF.dll
0x00007ffb27f80000 - 0x00007ffb2811c000 	C:\WINDOWS\System32\ole32.dll
0x00007ffb25da0000 - 0x00007ffb25dcd000 	C:\WINDOWS\SYSTEM32\IPHLPAPI.DLL
0x00007ffb28f50000 - 0x00007ffb28f59000 	C:\WINDOWS\System32\NSI.dll
0x00007ffb1b4d0000 - 0x00007ffb1b4e9000 	C:\WINDOWS\SYSTEM32\dhcpcsvc6.DLL
0x00007ffb1b4b0000 - 0x00007ffb1b4cf000 	C:\WINDOWS\SYSTEM32\dhcpcsvc.DLL
0x00007ffb25dd0000 - 0x00007ffb25ec2000 	C:\WINDOWS\SYSTEM32\DNSAPI.dll
0x00007ffb26a70000 - 0x00007ffb26a8b000 	C:\WINDOWS\SYSTEM32\CRYPTSP.dll
0x00007ffb26320000 - 0x00007ffb26355000 	C:\WINDOWS\system32\rsaenh.dll
0x00007ffb26910000 - 0x00007ffb26938000 	C:\WINDOWS\SYSTEM32\USERENV.dll
0x00007ffb26c10000 - 0x00007ffb26c38000 	C:\WINDOWS\SYSTEM32\bcrypt.dll
0x00007ffb26a90000 - 0x00007ffb26a9c000 	C:\WINDOWS\SYSTEM32\CRYPTBASE.dll
0x00007ffb05c10000 - 0x00007ffb05c17000 	C:\Program Files\JetBrains\IntelliJ IDEA 2022.3.1\jbr\bin\rmi.dll
0x000000005be70000 - 0x000000005be96000 	C:\Program Files\Bonjour\mdnsNSP.dll
0x00007ffb1a8b0000 - 0x00007ffb1a8ba000 	C:\Windows\System32\rasadhlp.dll
0x00007ffb1a7a0000 - 0x00007ffb1a823000 	C:\WINDOWS\System32\fwpuclnt.dll
0x00007ffb12c60000 - 0x00007ffb12c6e000 	C:\Program Files\JetBrains\IntelliJ IDEA 2022.3.1\jbr\bin\sunmscapi.dll
0x00007ffb27980000 - 0x00007ffb27ae6000 	C:\WINDOWS\System32\CRYPT32.dll
0x00007ffb26be0000 - 0x00007ffb26c0d000 	C:\WINDOWS\SYSTEM32\ncrypt.dll
0x00007ffb26ba0000 - 0x00007ffb26bd7000 	C:\WINDOWS\SYSTEM32\NTASN1.dll

dbghelp: loaded successfully - version: 4.0.5 - missing functions: none
symbol engine: initialized successfully - sym options: 0x614 - pdb path: .;C:\Program Files\JetBrains\IntelliJ IDEA 2022.3.1\jbr\bin;C:\WINDOWS\SYSTEM32;C:\WINDOWS\WinSxS\amd64_microsoft.windows.common-controls_6595b64144ccf1df_6.0.22621.608_none_a9444ca7c10bb01d;C:\Program Files\JetBrains\IntelliJ IDEA 2022.3.1\jbr\bin\server;C:\Program Files\Bonjour

VM Arguments:
jvm_args: -Dawt.toolkit=com.intellij.desktop.DesktopActionsToolkit -Djava.rmi.server.hostname=127.0.0.1 -Duser.timezone=UTC -Xmx750m -Xms128m --add-exports=java.desktop/sun.awt=ALL-UNNAMED --add-exports=java.desktop/java.awt.peer=ALL-UNNAMED --add-opens=java.desktop/java.awt=ALL-UNNAMED --add-opens=jdk.unsupported/sun.misc=ALL-UNNAMED --add-opens=java.base/java.nio=ALL-UNNAMED --add-opens=java.base/java.util=ALL-UNNAMED -Dfile.encoding=UTF-8 
java_command: com.intellij.database.remote.RemoteJdbcServer com.mysql.cj.jdbc.Driver
java_class_path (initial): C:\Program Files\JetBrains\IntelliJ IDEA 2022.3.1\lib\util_rt.jar;C:\Program Files\JetBrains\IntelliJ IDEA 2022.3.1\lib\3rd-party-rt.jar;C:\Program Files\JetBrains\IntelliJ IDEA 2022.3.1\lib\groovy.jar;C:\Program Files\JetBrains\IntelliJ IDEA 2022.3.1\plugins\DatabaseTools\lib\jdbc-console.jar;C:\Program Files\JetBrains\IntelliJ IDEA 2022.3.1\plugins\grid-core-impl\lib\jdbc-console-types.jar;C:\Users\Romily\AppData\Roaming\JetBrains\IntelliJIdea2022.3\jdbc-drivers\MySQL ConnectorJ\8.0.25\mysql-connector-java-8.0.25.jar
Launcher Type: SUN_STANDARD

[Global flags]
     intx CICompilerCount                          = 3                                         {product} {ergonomic}
     uint ConcGCThreads                            = 1                                         {product} {ergonomic}
     uint G1ConcRefinementThreads                  = 4                                         {product} {ergonomic}
   size_t G1HeapRegionSize                         = 1048576                                   {product} {ergonomic}
    uintx GCDrainStackTargetSize                   = 64                                        {product} {ergonomic}
   size_t InitialHeapSize                          = 134217728                                 {product} {command line}
   size_t MarkStackSize                            = 4194304                                   {product} {ergonomic}
   size_t MaxHeapSize                              = 786432000                                 {product} {command line}
   size_t MaxNewSize                               = 471859200                                 {product} {ergonomic}
   size_t MinHeapDeltaBytes                        = 1048576                                   {product} {ergonomic}
   size_t MinHeapSize                              = 134217728                                 {product} {command line}
    uintx NonNMethodCodeHeapSize                   = 5832780                                {pd product} {ergonomic}
    uintx NonProfiledCodeHeapSize                  = 122912730                              {pd product} {ergonomic}
    uintx ProfiledCodeHeapSize                     = 122912730                              {pd product} {ergonomic}
    uintx ReservedCodeCacheSize                    = 251658240                              {pd product} {ergonomic}
     bool SegmentedCodeCache                       = true                                      {product} {ergonomic}
   size_t SoftMaxHeapSize                          = 786432000                              {manageable} {ergonomic}
     bool UseCompressedClassPointers               = true                           {product lp64_product} {ergonomic}
     bool UseCompressedOops                        = true                           {product lp64_product} {ergonomic}
     bool UseG1GC                                  = true                                      {product} {ergonomic}
     bool UseLargePagesIndividualAllocation        = false                                  {pd product} {ergonomic}

Logging:
Log output configuration:
 #0: stdout all=warning uptime,level,tags
 #1: stderr all=off uptime,level,tags

Environment Variables:
JAVA_HOME=C:\Program Files\Java\jdk-18.0.2.1
PATH=C:\ProgramData\Oracle\Java\javapath;C:\Program Files\Common Files\Oracle\Java\javapath;C:\WINDOWS\system32;C:\WINDOWS;C:\WINDOWS\System32\Wbem;C:\WINDOWS\System32\WindowsPowerShell\v1.0\;C:\WINDOWS\System32\OpenSSH\;C:\MinGW\bin;C:\Program Files\Java\jdk-18.0.2.1\bin;C:\Program Files\Java\jdk-18.0.2.1\bin;C:\maven\bin;C:\Users\Romily\AppData\Local\Programs\Python\Python310\Scripts\;C:\Users\Romily\AppData\Local\Programs\Python\Python310\;C:\Users\Romily\AppData\Local\Microsoft\WindowsApps;C:\Users\Romily\AppData\Local\Programs\Microsoft VS Code\bin;C:\MinGW\bin;;C:\Program Files\JetBrains\PyCharm Community Edition 2022.1.4\bin;
USERNAME=Romily
OS=Windows_NT
PROCESSOR_IDENTIFIER=Intel64 Family 6 Model 140 Stepping 1, GenuineIntel
TMP=C:\Users\Romily\AppData\Local\Temp
TEMP=C:\Users\Romily\AppData\Local\Temp



---------------  S Y S T E M  ---------------

OS:
 Windows 11 , 64 bit Build 22621 (10.0.22621.1105)
OS uptime: 2 days 8:10 hours

CPU: total 4 (initial active 4) (2 cores per cpu, 2 threads per core) family 6 model 140 stepping 1 microcode 0x8a, cx8, cmov, fxsr, ht, mmx, 3dnowpref, sse, sse2, sse3, ssse3, sse4.1, sse4.2, popcnt, lzcnt, tsc, tscinvbit, avx, avx2, aes, erms, clmul, bmi1, bmi2, adx, avx512f, avx512dq, avx512cd, avx512bw, avx512vl, sha, fma, vzeroupper, avx512_vpopcntdq, avx512_vpclmulqdq, avx512_vaes, avx512_vnni, clflush, clflushopt, clwb, avx512_vbmi2, avx512_vbmi

Memory: 4k page, system-wide physical 3819M (328M free)
TotalPageFile size 15595M (AvailPageFile size 0M)
current process WorkingSet (physical memory assigned to process): 22M, peak: 112M
current process commit charge ("private bytes"): 228M, peak: 247M

vm_info: OpenJDK 64-Bit Server VM (17.0.5+1-b653.23) for windows-amd64 JRE (17.0.5+1-b653.23), built on 2022-12-12 by "builduser" with MS VC++ 16.10 / 16.11 (VS2019)

END.
